# JRE version: OpenJDK Runtime Environment Temurin-17.0.8.1+1 (17.0.8.1+1) (build 17.0.8.1+1)
# Java VM: OpenJDK 64-Bit Server VM Temurin-17.0.8.1+1 (17.0.8.1+1, mixed mode, tiered, compressed oops, compressed class ptrs, g1 gc, bsd-amd64)
GC Precious Log:
 CPUs: 12 total, 12 available
 Memory: 16384M
 Large Page Support: Disabled
 NUMA Support: Disabled
 Compressed Oops: Enabled (Zero based)
 Heap Region Size: 2M
 Heap Min Capacity: 8M
 Heap Initial Capacity: 256M
 Heap Max Capacity: 4G
 Pre-touch: Disabled
 Parallel Workers: 10
 Concurrent Workers: 3
 Concurrent Refinement Workers: 10
 Periodic GC: Disabled
Heap:
 garbage-first heap   total 149504K, used 37649K [0x0000000700000000, 0x0000000800000000)
  region size 2048K, 6 young (12288K), 5 survivors (10240K)
 Metaspace       used 35858K, committed 36096K, reserved 1114112K
  class space    used 3918K, committed 4032K, reserved 1048576K
GC Heap History (20 events):
Event: 1.044 GC heap before
{Heap before GC invocations=0 (full 0):
 garbage-first heap   total 262144K, used 22528K [0x0000000700000000, 0x0000000800000000)
  region size 2048K, 11 young (22528K), 0 survivors (0K)
 Metaspace       used 15617K, committed 15808K, reserved 1114112K
  class space    used 1571K, committed 1664K, reserved 1048576K
}
Event: 1.048 GC heap after
{Heap after GC invocations=1 (full 0):
 garbage-first heap   total 262144K, used 4176K [0x0000000700000000, 0x0000000800000000)
  region size 2048K, 2 young (4096K), 2 survivors (4096K)
 Metaspace       used 15617K, committed 15808K, reserved 1114112K
  class space    used 1571K, committed 1664K, reserved 1048576K
}
Event: 1.275 GC heap before
{Heap before GC invocations=1 (full 0):
 garbage-first heap   total 262144K, used 32848K [0x0000000700000000, 0x0000000800000000)
  region size 2048K, 16 young (32768K), 2 survivors (4096K)
 Metaspace       used 19447K, committed 19648K, reserved 1114112K
  class space    used 2057K, committed 2176K, reserved 1048576K
}
Event: 1.279 GC heap after
{Heap after GC invocations=2 (full 0):
 garbage-first heap   total 262144K, used 5725K [0x0000000700000000, 0x0000000800000000)
  region size 2048K, 1 young (2048K), 1 survivors (2048K)
 Metaspace       used 19447K, committed 19648K, reserved 1114112K
  class space    used 2057K, committed 2176K, reserved 1048576K
}
Event: 1.373 GC heap before
{Heap before GC invocations=2 (full 0):
 garbage-first heap   total 262144K, used 13917K [0x0000000700000000, 0x0000000800000000)
  region size 2048K, 6 young (12288K), 1 survivors (2048K)
 Metaspace       used 21360K, committed 21504K, reserved 1114112K
  class space    used 2299K, committed 2368K, reserved 1048576K
}
Event: 1.375 GC heap after
{Heap after GC invocations=3 (full 0):
 garbage-first heap   total 262144K, used 6256K [0x0000000700000000, 0x0000000800000000)
  region size 2048K, 2 young (4096K), 2 survivors (4096K)
 Metaspace       used 21360K, committed 21504K, reserved 1114112K
  class space    used 2299K, committed 2368K, reserved 1048576K
}
Event: 1.640 GC heap before
{Heap before GC invocations=4 (full 0):
 garbage-first heap   total 34816K, used 22640K [0x0000000700000000, 0x0000000800000000)
  region size 2048K, 11 young (22528K), 2 survivors (4096K)
 Metaspace       used 24832K, committed 25088K, reserved 1114112K
  class space    used 2733K, committed 2880K, reserved 1048576K
}
Event: 1.643 GC heap after
{Heap after GC invocations=5 (full 0):
 garbage-first heap   total 34816K, used 8047K [0x0000000700000000, 0x0000000800000000)
  region size 2048K, 2 young (4096K), 2 survivors (4096K)
 Metaspace       used 24832K, committed 25088K, reserved 1114112K
  class space    used 2733K, committed 2880K, reserved 1048576K
}
Event: 1.735 GC heap before
{Heap before GC invocations=5 (full 0):
 garbage-first heap   total 34816K, used 24431K [0x0000000700000000, 0x0000000800000000)
  region size 2048K, 10 young (20480K), 2 survivors (4096K)
 Metaspace       used 25178K, committed 25344K, reserved 1114112K
  class space    used 2750K, committed 2880K, reserved 1048576K
}
Event: 1.740 GC heap after
{Heap after GC invocations=6 (full 0):
 garbage-first heap   total 34816K, used 10044K [0x0000000700000000, 0x0000000800000000)
  region size 2048K, 2 young (4096K), 2 survivors (4096K)
 Metaspace       used 25178K, committed 25344K, reserved 1114112K
  class space    used 2750K, committed 2880K, reserved 1048576K
}
Event: 1.849 GC heap before
{Heap before GC invocations=6 (full 0):
 garbage-first heap   total 34816K, used 24380K [0x0000000700000000, 0x0000000800000000)
  region size 2048K, 9 young (18432K), 2 survivors (4096K)
 Metaspace       used 25750K, committed 25984K, reserved 1114112K
  class space    used 2812K, committed 2944K, reserved 1048576K
}
Event: 1.856 GC heap after
{Heap after GC invocations=7 (full 0):
 garbage-first heap   total 34816K, used 11562K [0x0000000700000000, 0x0000000800000000)
  region size 2048K, 2 young (4096K), 2 survivors (4096K)
 Metaspace       used 25750K, committed 25984K, reserved 1114112K
  class space    used 2812K, committed 2944K, reserved 1048576K
}
Event: 1.951 GC heap before
{Heap before GC invocations=7 (full 0):
 garbage-first heap   total 34816K, used 23850K [0x0000000700000000, 0x0000000800000000)
  region size 2048K, 8 young (16384K), 2 survivors (4096K)
 Metaspace       used 25894K, committed 26112K, reserved 1114112K
  class space    used 2825K, committed 2944K, reserved 1048576K
}
Event: 1.956 GC heap after
{Heap after GC invocations=8 (full 0):
 garbage-first heap   total 149504K, used 12976K [0x0000000700000000, 0x0000000800000000)
  region size 2048K, 1 young (2048K), 1 survivors (2048K)
 Metaspace       used 25894K, committed 26112K, reserved 1114112K
  class space    used 2825K, committed 2944K, reserved 1048576K
}
Event: 2.529 GC heap before
{Heap before GC invocations=8 (full 0):
 garbage-first heap   total 149504K, used 98992K [0x0000000700000000, 0x0000000800000000)
  region size 2048K, 43 young (88064K), 1 survivors (2048K)
 Metaspace       used 27284K, committed 27456K, reserved 1114112K
  class space    used 2920K, committed 3008K, reserved 1048576K
}
Event: 2.538 GC heap after
{Heap after GC invocations=9 (full 0):
 garbage-first heap   total 149504K, used 19547K [0x0000000700000000, 0x0000000800000000)
  region size 2048K, 4 young (8192K), 4 survivors (8192K)
 Metaspace       used 27284K, committed 27456K, reserved 1114112K
  class space    used 2920K, committed 3008K, reserved 1048576K
}
Event: 3.191 GC heap before
{Heap before GC invocations=9 (full 0):
 garbage-first heap   total 149504K, used 99419K [0x0000000700000000, 0x0000000800000000)
  region size 2048K, 43 young (88064K), 4 survivors (8192K)
 Metaspace       used 35293K, committed 35584K, reserved 1114112K
  class space    used 3856K, committed 4032K, reserved 1048576K
}
Event: 3.198 GC heap after
{Heap after GC invocations=10 (full 0):
 garbage-first heap   total 149504K, used 27554K [0x0000000700000000, 0x0000000800000000)
  region size 2048K, 4 young (8192K), 4 survivors (8192K)
 Metaspace       used 35293K, committed 35584K, reserved 1114112K
  class space    used 3856K, committed 4032K, reserved 1048576K
}
Event: 3.357 GC heap before
{Heap before GC invocations=10 (full 0):
 garbage-first heap   total 149504K, used 58274K [0x0000000700000000, 0x0000000800000000)
  region size 2048K, 20 young (40960K), 4 survivors (8192K)
 Metaspace       used 35760K, committed 35968K, reserved 1114112K
  class space    used 3899K, committed 4032K, reserved 1048576K
}
Event: 3.362 GC heap after
{Heap after GC invocations=11 (full 0):
 garbage-first heap   total 149504K, used 37649K [0x0000000700000000, 0x0000000800000000)
  region size 2048K, 5 young (10240K), 5 survivors (10240K)
 Metaspace       used 35760K, committed 35968K, reserved 1114112K
  class space    used 3899K, committed 4032K, reserved 1048576K
}

